<?xml version="1.0" encoding="UTF-8" ?>
<testsuite tests="14" failures="0" name="kata.OrderCommandTest" time="0.078" errors="0" skipped="0">
  <properties>
    <property name="idea.version" value="2018.2.4"/>
    <property name="java.runtime.name" value="OpenJDK Runtime Environment"/>
    <property name="java.vm.version" value="11.0.2+9"/>
    <property name="sun.boot.library.path" value="C:\Program Files\Java\jdk-11.0.2\bin"/>
    <property name="maven.multiModuleProjectDirectory" value="C:\Users\sbens\Documents\Train-java\src\KataCofeeMachine"/>
    <property name="java.vm.vendor" value="Oracle Corporation"/>
    <property name="java.vendor.url" value="http://java.oracle.com/"/>
    <property name="guice.disable.misplaced.annotation.check" value="true"/>
    <property name="path.separator" value=";"/>
    <property name="java.vm.name" value="OpenJDK 64-Bit Server VM"/>
    <property name="sun.os.patch.level" value=""/>
    <property name="user.script" value=""/>
    <property name="user.country" value="FR"/>
    <property name="sun.java.launcher" value="SUN_STANDARD"/>
    <property name="java.vm.specification.name" value="Java Virtual Machine Specification"/>
    <property name="user.dir" value="C:\Users\sbens\Documents\Train-java\src\KataCofeeMachine"/>
    <property name="java.vm.compressedOopsMode" value="32-bit"/>
    <property name="java.runtime.version" value="11.0.2+9"/>
    <property name="java.awt.graphicsenv" value="sun.awt.Win32GraphicsEnvironment"/>
    <property name="os.arch" value="amd64"/>
    <property name="java.io.tmpdir" value="C:\Users\sbens\AppData\Local\Temp\"/>
    <property name="line.separator" value="
"/>
    <property name="java.vm.specification.vendor" value="Oracle Corporation"/>
    <property name="user.variant" value=""/>
    <property name="os.name" value="Windows 10"/>
    <property name="classworlds.conf" value="C:\Program Files\JetBrains\IntelliJ IDEA Community Edition 2018.2.4\plugins\maven\lib\maven3\bin\m2.conf"/>
    <property name="sun.jnu.encoding" value="Cp1252"/>
    <property name="java.library.path" value="C:\Program Files\Java\jdk-11.0.2\bin;C:\WINDOWS\Sun\Java\bin;C:\WINDOWS\system32;C:\WINDOWS;C:\Program Files\AdoptOpenJDK\jdk-11.0.7.10-hotspot\bin;C:\Program Files (x86)\Common Files\Oracle\Java\javapath;C:\WINDOWS\system32;C:\WINDOWS;C:\WINDOWS\System32\Wbem;C:\WINDOWS\System32\WindowsPowerShell\v1.0\;C:\WINDOWS\System32\OpenSSH\;C:\Program Files\dotnet\;C:\Program Files\Microsoft SQL Server\130\Tools\Binn\;C:\Program Files\Git\cmd;C:\wamp64\bin\php\php7.2.12;C:\ProgramData\ComposerSetup\bin;C:\Program Files\nodejs\;C:\Program Files\Microsoft VS Code\bin;C:\Users\sbens\Python36\Scripts\;C:\Users\sbens\Python36\;C:\Users\sbens\AppData\Local\Microsoft\WindowsApps;C:\Users\sbens\AppData\Roaming\Composer\vendor\bin;C:\Users\sbens\.dotnet\tools;C:\Users\sbens\AppData\Local\Microsoft\WindowsApps;C:\Users\sbens\AppData\Roaming\npm;;."/>
    <property name="jdk.debug" value="release"/>
    <property name="java.class.version" value="55.0"/>
    <property name="java.specification.name" value="Java Platform API Specification"/>
    <property name="sun.management.compiler" value="HotSpot 64-Bit Tiered Compilers"/>
    <property name="os.version" value="10.0"/>
    <property name="user.home" value="C:\Users\sbens"/>
    <property name="user.timezone" value="Europe/Paris"/>
    <property name="java.awt.printerjob" value="sun.awt.windows.WPrinterJob"/>
    <property name="file.encoding" value="UTF-8"/>
    <property name="java.specification.version" value="11"/>
    <property name="user.name" value="sbens"/>
    <property name="java.class.path" value="C:\Program Files\JetBrains\IntelliJ IDEA Community Edition 2018.2.4\plugins\maven\lib\maven3\boot\plexus-classworlds-2.5.2.jar"/>
    <property name="java.vm.specification.version" value="11"/>
    <property name="sun.arch.data.model" value="64"/>
    <property name="sun.java.command" value="org.codehaus.classworlds.Launcher -Didea.version=2018.2.4 clean install"/>
    <property name="java.home" value="C:\Program Files\Java\jdk-11.0.2"/>
    <property name="user.language" value="fr"/>
    <property name="java.specification.vendor" value="Oracle Corporation"/>
    <property name="awt.toolkit" value="sun.awt.windows.WToolkit"/>
    <property name="java.vm.info" value="mixed mode"/>
    <property name="java.version" value="11.0.2"/>
    <property name="java.vendor" value="Oracle Corporation"/>
    <property name="maven.home" value="C:\Program Files\JetBrains\IntelliJ IDEA Community Edition 2018.2.4\plugins\maven\lib\maven3"/>
    <property name="file.separator" value="\"/>
    <property name="java.version.date" value="2019-01-15"/>
    <property name="java.vendor.url.bug" value="http://bugreport.java.com/bugreport/"/>
    <property name="sun.io.unicode.encoding" value="UnicodeLittle"/>
    <property name="sun.cpu.endian" value="little"/>
    <property name="java.vendor.version" value="18.9"/>
    <property name="sun.desktop" value="windows"/>
    <property name="sun.cpu.isalist" value="amd64"/>
  </properties>
  <testcase classname="kata.OrderCommandTest" name="shouldReturnMessageErrorIfAmountIsInferior" time="0.063"/>
  <testcase classname="kata.OrderCommandTest" name="shouldReturnCoffeWithTwoSugarAndOneStick" time="0"/>
  <testcase classname="kata.OrderCommandTest" name="shouldReturnOrangeJuice" time="0"/>
  <testcase classname="kata.OrderCommandTest" name="shouldReturnCoffeExtraHotWithNoSugarAndStick" time="0.015"/>
  <testcase classname="kata.OrderCommandTest" name="shouldReturnMessageIfAmountIsInferior" time="0"/>
  <testcase classname="kata.OrderCommandTest" name="shouldReturnChocolateWithOutSugarAndStick" time="0"/>
  <testcase classname="kata.OrderCommandTest" name="shouldReturnTeaWithMessageWithOutSugarAndStick" time="0"/>
  <testcase classname="kata.OrderCommandTest" name="shouldReturnDrinkInstructionIfAmountIsSuperior" time="0"/>
  <testcase classname="kata.OrderCommandTest" name="shouldReturnCoffeWithOutSugarAndStick" time="0"/>
  <testcase classname="kata.OrderCommandTest" name="shouldReturnCodeAndMessageIfHasMessageInOrder" time="0"/>
  <testcase classname="kata.OrderCommandTest" name="shouldReturnCoffeExtraHotWithSugarAndStick" time="0"/>
  <testcase classname="kata.OrderCommandTest" name="shouldReturnMessageIfAmountIsEqualsZero" time="0"/>
  <testcase classname="kata.OrderCommandTest" name="shouldReturnCodeAndMessageIfHasMessageInOrderOrange" time="0"/>
  <testcase classname="kata.OrderCommandTest" name="shouldReturnCoffeWithOneSugarAndOneStick" time="0"/>
</testsuite>